{
  "RSpec": {
    "coverage": {
      "/Users/adam/projects/personal/tablecloth/lib/tablecloth.rb": [
        1,
        1,
        null,
        1,
        1,
        1,
        null,
        null,
        1,
        1,
        null,
        null
      ],
      "/Users/adam/projects/personal/tablecloth/lib/tablecloth/parser.rb": [
        1,
        1,
        1,
        null,
        1,
        6,
        null,
        null,
        1,
        1,
        4,
        null,
        null,
        1,
        7,
        28,
        null,
        null,
        1,
        7,
        null,
        7,
        7,
        3,
        null,
        null,
        7,
        null,
        null,
        1,
        null,
        null,
        null,
        null,
        24,
        null,
        null,
        null
      ],
      "/Users/adam/projects/personal/tablecloth/spec/tablecloth_spec.rb": [
        1,
        null,
        1,
        1,
        1,
        null,
        null,
        1,
        null,
        null,
        null,
        null,
        null,
        null,
        2,
        null,
        null,
        1,
        1,
        1,
        null,
        null,
        null,
        null,
        null,
        1,
        null,
        null,
        null,
        1,
        1,
        1,
        null,
        null,
        null,
        null,
        null,
        1,
        null,
        null,
        null
      ]
    },
    "timestamp": 1471119774
  }
}
